# JRE version: Java(TM) SE Runtime Environment (8.0_73-b02) (build 1.8.0_73-b02)
# Java VM: Java HotSpot(TM) 64-Bit Server VM (25.73-b02 mixed mode windows-amd64 compressed oops)
Heap:
 PSYoungGen      total 485376K, used 138707K [0x000000076b900000, 0x000000078be80000, 0x00000007c0000000)
  eden space 473600K, 26% used [0x000000076b900000,0x00000007735320d0,0x0000000788780000)
  from space 11776K, 97% used [0x000000078a480000,0x000000078afc2b90,0x000000078b000000)
  to   space 14848K, 0% used [0x000000078b000000,0x000000078b000000,0x000000078be80000)
 ParOldGen       total 174592K, used 47297K [0x00000006c2a00000, 0x00000006cd480000, 0x000000076b900000)
  object space 174592K, 27% used [0x00000006c2a00000,0x00000006c5830678,0x00000006cd480000)
 Metaspace       used 74558K, capacity 78995K, committed 79232K, reserved 1118208K
  class space    used 9873K, capacity 10585K, committed 10624K, reserved 1048576K
GC Heap History (10 events):
Event: 20.511 GC heap before
{Heap before GC invocations=14 (full 2):
 PSYoungGen      total 292864K, used 221945K [0x000000076b900000, 0x0000000785480000, 0x00000007c0000000)
  eden space 275456K, 75% used [0x000000076b900000,0x0000000778352f88,0x000000077c600000)
  from space 17408K, 84% used [0x000000077c600000,0x000000077d46b4f0,0x000000077d700000)
  to   space 18432K, 0% used [0x0000000784280000,0x0000000784280000,0x0000000785480000)
 ParOldGen       total 128000K, used 25684K [0x00000006c2a00000, 0x00000006ca700000, 0x000000076b900000)
  object space 128000K, 20% used [0x00000006c2a00000,0x00000006c43151c0,0x00000006ca700000)
 Metaspace       used 56450K, capacity 59049K, committed 59096K, reserved 1099776K
  class space    used 7590K, capacity 8064K, committed 8064K, reserved 1048576K
Event: 20.520 GC heap after
Heap after GC invocations=14 (full 2):
 PSYoungGen      total 402944K, used 5975K [0x000000076b900000, 0x0000000785980000, 0x00000007c0000000)
  eden space 384512K, 0% used [0x000000076b900000,0x000000076b900000,0x0000000783080000)
  from space 18432K, 32% used [0x0000000784280000,0x0000000784855d48,0x0000000785480000)
  to   space 18432K, 0% used [0x0000000783080000,0x0000000783080000,0x0000000784280000)
 ParOldGen       total 128000K, used 33551K [0x00000006c2a00000, 0x00000006ca700000, 0x000000076b900000)
  object space 128000K, 26% used [0x00000006c2a00000,0x00000006c4ac3d98,0x00000006ca700000)
 Metaspace       used 56450K, capacity 59049K, committed 59096K, reserved 1099776K
  class space    used 7590K, capacity 8064K, committed 8064K, reserved 1048576K
}
Event: 20.520 GC heap before
{Heap before GC invocations=15 (full 3):
 PSYoungGen      total 402944K, used 5975K [0x000000076b900000, 0x0000000785980000, 0x00000007c0000000)
  eden space 384512K, 0% used [0x000000076b900000,0x000000076b900000,0x0000000783080000)
  from space 18432K, 32% used [0x0000000784280000,0x0000000784855d48,0x0000000785480000)
  to   space 18432K, 0% used [0x0000000783080000,0x0000000783080000,0x0000000784280000)
 ParOldGen       total 128000K, used 33551K [0x00000006c2a00000, 0x00000006ca700000, 0x000000076b900000)
  object space 128000K, 26% used [0x00000006c2a00000,0x00000006c4ac3d98,0x00000006ca700000)
 Metaspace       used 56450K, capacity 59049K, committed 59096K, reserved 1099776K
  class space    used 7590K, capacity 8064K, committed 8064K, reserved 1048576K
Event: 20.710 GC heap after
Heap after GC invocations=15 (full 3):
 PSYoungGen      total 402944K, used 0K [0x000000076b900000, 0x0000000785980000, 0x00000007c0000000)
  eden space 384512K, 0% used [0x000000076b900000,0x000000076b900000,0x0000000783080000)
  from space 18432K, 0% used [0x0000000784280000,0x0000000784280000,0x0000000785480000)
  to   space 18432K, 0% used [0x0000000783080000,0x0000000783080000,0x0000000784280000)
 ParOldGen       total 174592K, used 37661K [0x00000006c2a00000, 0x00000006cd480000, 0x000000076b900000)
  object space 174592K, 21% used [0x00000006c2a00000,0x00000006c4ec7568,0x00000006cd480000)
 Metaspace       used 56450K, capacity 59049K, committed 59096K, reserved 1099776K
  class space    used 7590K, capacity 8064K, committed 8064K, reserved 1048576K
}
Event: 24.590 GC heap before
{Heap before GC invocations=16 (full 3):
 PSYoungGen      total 402944K, used 384512K [0x000000076b900000, 0x0000000785980000, 0x00000007c0000000)
  eden space 384512K, 100% used [0x000000076b900000,0x0000000783080000,0x0000000783080000)
  from space 18432K, 0% used [0x0000000784280000,0x0000000784280000,0x0000000785480000)
  to   space 18432K, 0% used [0x0000000783080000,0x0000000783080000,0x0000000784280000)
 ParOldGen       total 174592K, used 37661K [0x00000006c2a00000, 0x00000006cd480000, 0x000000076b900000)
  object space 174592K, 21% used [0x00000006c2a00000,0x00000006c4ec7568,0x00000006cd480000)
 Metaspace       used 63164K, capacity 66757K, committed 66816K, reserved 1107968K
  class space    used 8537K, capacity 9160K, committed 9216K, reserved 1048576K
Event: 24.604 GC heap after
Heap after GC invocations=16 (full 3):
 PSYoungGen      total 402944K, used 16848K [0x000000076b900000, 0x000000078d180000, 0x00000007c0000000)
  eden space 384512K, 0% used [0x000000076b900000,0x000000076b900000,0x0000000783080000)
  from space 18432K, 91% used [0x0000000783080000,0x00000007840f4110,0x0000000784280000)
  to   space 19968K, 0% used [0x000000078be00000,0x000000078be00000,0x000000078d180000)
 ParOldGen       total 174592K, used 37669K [0x00000006c2a00000, 0x00000006cd480000, 0x000000076b900000)
  object space 174592K, 21% used [0x00000006c2a00000,0x00000006c4ec9568,0x00000006cd480000)
 Metaspace       used 63164K, capacity 66757K, committed 66816K, reserved 1107968K
  class space    used 8537K, capacity 9160K, committed 9216K, reserved 1048576K
}
Event: 704.760 GC heap before
{Heap before GC invocations=17 (full 3):
 PSYoungGen      total 402944K, used 401360K [0x000000076b900000, 0x000000078d180000, 0x00000007c0000000)
  eden space 384512K, 100% used [0x000000076b900000,0x0000000783080000,0x0000000783080000)
  from space 18432K, 91% used [0x0000000783080000,0x00000007840f4110,0x0000000784280000)
  to   space 19968K, 0% used [0x000000078be00000,0x000000078be00000,0x000000078d180000)
 ParOldGen       total 174592K, used 37669K [0x00000006c2a00000, 0x00000006cd480000, 0x000000076b900000)
  object space 174592K, 21% used [0x00000006c2a00000,0x00000006c4ec9568,0x00000006cd480000)
 Metaspace       used 73317K, capacity 77641K, committed 77952K, reserved 1116160K
  class space    used 9785K, capacity 10502K, committed 10624K, reserved 1048576K
Event: 704.779 GC heap after
Heap after GC invocations=17 (full 3):
 PSYoungGen      total 507904K, used 14745K [0x000000076b900000, 0x000000078cc80000, 0x00000007c0000000)
  eden space 493056K, 0% used [0x000000076b900000,0x000000076b900000,0x0000000789a80000)
  from space 14848K, 99% used [0x000000078be00000,0x000000078cc66770,0x000000078cc80000)
  to   space 20480K, 0% used [0x000000078a480000,0x000000078a480000,0x000000078b880000)
 ParOldGen       total 174592K, used 47289K [0x00000006c2a00000, 0x00000006cd480000, 0x000000076b900000)
  object space 174592K, 27% used [0x00000006c2a00000,0x00000006c582e678,0x00000006cd480000)
 Metaspace       used 73317K, capacity 77641K, committed 77952K, reserved 1116160K
  class space    used 9785K, capacity 10502K, committed 10624K, reserved 1048576K
}
Event: 19561.170 GC heap before
{Heap before GC invocations=18 (full 3):
 PSYoungGen      total 507904K, used 507801K [0x000000076b900000, 0x000000078cc80000, 0x00000007c0000000)
  eden space 493056K, 100% used [0x000000076b900000,0x0000000789a80000,0x0000000789a80000)
  from space 14848K, 99% used [0x000000078be00000,0x000000078cc66770,0x000000078cc80000)
  to   space 20480K, 0% used [0x000000078a480000,0x000000078a480000,0x000000078b880000)
 ParOldGen       total 174592K, used 47289K [0x00000006c2a00000, 0x00000006cd480000, 0x000000076b900000)
  object space 174592K, 27% used [0x00000006c2a00000,0x00000006c582e678,0x00000006cd480000)
 Metaspace       used 74256K, capacity 78701K, committed 78976K, reserved 1118208K
  class space    used 9826K, capacity 10552K, committed 10624K, reserved 1048576K
Event: 19561.255 GC heap after
Heap after GC invocations=18 (full 3):
 PSYoungGen      total 485376K, used 11530K [0x000000076b900000, 0x000000078be80000, 0x00000007c0000000)
  eden space 473600K, 0% used [0x000000076b900000,0x000000076b900000,0x0000000788780000)
  from space 11776K, 97% used [0x000000078a480000,0x000000078afc2b90,0x000000078b000000)
  to   space 14848K, 0% used [0x000000078b000000,0x000000078b000000,0x000000078be80000)
 ParOldGen       total 174592K, used 47297K [0x00000006c2a00000, 0x00000006cd480000, 0x000000076b900000)
  object space 174592K, 27% used [0x00000006c2a00000,0x00000006c5830678,0x00000006cd480000)
 Metaspace       used 74256K, capacity 78701K, committed 78976K, reserved 1118208K
  class space    used 9826K, capacity 10552K, committed 10624K, reserved 1048576K
}

